<?xml version="1.0" encoding="UTF-8"?>
<testng-results ignored="0" total="2" passed="2" failed="0" skipped="0">
  <reporter-output>
  </reporter-output>
  <suite started-at="2018-10-16T14:38:36Z" name="Default suite" finished-at="2018-10-16T14:39:31Z" duration-ms="54874">
    <groups>
    </groups>
    <test started-at="2018-10-16T14:38:36Z" name="Default test" finished-at="2018-10-16T14:39:31Z" duration-ms="54874">
      <class name="TestCases.TestCaseLogin">
        <test-method is-config="true" signature="startAPP()[pri:0, instance:TestCases.TestCaseLogin@38102d01]" started-at="2018-10-16T14:38:36Z" name="startAPP" finished-at="2018-10-16T14:38:58Z" duration-ms="21860" status="PASS">
          <reporter-output>
          </reporter-output>
        </test-method> <!-- startAPP -->
        <test-method signature="loginToApp()[pri:1, instance:TestCases.TestCaseLogin@38102d01]" started-at="2018-10-16T14:38:58Z" name="loginToApp" finished-at="2018-10-16T14:39:24Z" duration-ms="25781" status="PASS">
          <reporter-output>
          </reporter-output>
        </test-method> <!-- loginToApp -->
        <test-method signature="signoutapp()[pri:2, instance:TestCases.TestCaseLogin@38102d01]" started-at="2018-10-16T14:39:24Z" name="signoutapp" finished-at="2018-10-16T14:39:31Z" duration-ms="6894" status="PASS">
          <reporter-output>
          </reporter-output>
        </test-method> <!-- signoutapp -->
        <test-method is-config="true" signature="closeAPP()[pri:0, instance:TestCases.TestCaseLogin@38102d01]" started-at="2018-10-16T14:39:31Z" name="closeAPP" finished-at="2018-10-16T14:39:31Z" duration-ms="267" status="PASS">
          <reporter-output>
          </reporter-output>
        </test-method> <!-- closeAPP -->
      </class> <!-- TestCases.TestCaseLogin -->
    </test> <!-- Default test -->
  </suite> <!-- Default suite -->
</testng-results>
